<?xml version="1.0" encoding="UTF-8"?>
<testExecutions version="1">
    <file path="/Users/nicolasulmete/cstradefront/src/pages/Home/Home.test.js">
        <testCase name="Test Home.js" duration="28"/>
    </file>
</testExecutions>